Fri Feb 08 2019 18:43:25 GMT-0800 (Pacific Standard Time): GET /
Fri Feb 08 2019 18:43:33 GMT-0800 (Pacific Standard Time): GET /about
Fri Feb 08 2019 18:47:50 GMT-0800 (Pacific Standard Time): GET /about
Fri Feb 08 2019 18:47:52 GMT-0800 (Pacific Standard Time): GET /
Fri Feb 08 2019 18:47:53 GMT-0800 (Pacific Standard Time): GET /
Fri Feb 08 2019 18:49:17 GMT-0800 (Pacific Standard Time): GET /
Fri Feb 08 2019 18:49:59 GMT-0800 (Pacific Standard Time): GET /
Fri Feb 08 2019 18:50:37 GMT-0800 (Pacific Standard Time): GET /help
Fri Feb 08 2019 18:50:40 GMT-0800 (Pacific Standard Time): GET /help
Fri Feb 08 2019 18:50:40 GMT-0800 (Pacific Standard Time): GET /help
Fri Feb 08 2019 18:50:40 GMT-0800 (Pacific Standard Time): GET /help
Fri Feb 08 2019 18:50:41 GMT-0800 (Pacific Standard Time): GET /help
Fri Feb 08 2019 18:50:41 GMT-0800 (Pacific Standard Time): GET /help
Fri Feb 08 2019 18:50:41 GMT-0800 (Pacific Standard Time): GET /help
Fri Feb 08 2019 18:50:41 GMT-0800 (Pacific Standard Time): GET /help
Fri Feb 08 2019 18:50:42 GMT-0800 (Pacific Standard Time): GET /help
Fri Feb 08 2019 18:50:52 GMT-0800 (Pacific Standard Time): GET /help
Fri Feb 08 2019 18:51:13 GMT-0800 (Pacific Standard Time): GET /
Fri Feb 08 2019 18:51:36 GMT-0800 (Pacific Standard Time): GET /help.html
Fri Feb 08 2019 18:51:38 GMT-0800 (Pacific Standard Time): GET /
Fri Feb 08 2019 18:52:01 GMT-0800 (Pacific Standard Time): GET /
Fri Feb 08 2019 18:52:03 GMT-0800 (Pacific Standard Time): GET /
Sat Feb 09 2019 18:16:25 GMT-0800 (Pacific Standard Time): GET /
Sat Feb 09 2019 18:16:26 GMT-0800 (Pacific Standard Time): GET /favicon.ico
Sat Feb 09 2019 18:18:15 GMT-0800 (Pacific Standard Time): GET /
Sat Feb 09 2019 18:25:36 GMT-0800 (Pacific Standard Time): GET /
Sat Feb 09 2019 18:25:46 GMT-0800 (Pacific Standard Time): GET /
Sat Feb 09 2019 18:25:59 GMT-0800 (Pacific Standard Time): GET /
Sat Feb 09 2019 18:26:00 GMT-0800 (Pacific Standard Time): GET /projects
Sat Feb 09 2019 18:26:02 GMT-0800 (Pacific Standard Time): GET /about
Sat Feb 09 2019 18:26:03 GMT-0800 (Pacific Standard Time): GET /
Sat Feb 09 2019 18:26:03 GMT-0800 (Pacific Standard Time): GET /projects
Sat Feb 09 2019 18:26:04 GMT-0800 (Pacific Standard Time): GET /about
Sat Feb 09 2019 18:26:04 GMT-0800 (Pacific Standard Time): GET /projects
Sat Feb 09 2019 18:26:05 GMT-0800 (Pacific Standard Time): GET /projects
Sat Feb 09 2019 18:26:05 GMT-0800 (Pacific Standard Time): GET /projects
Sat Feb 09 2019 18:26:05 GMT-0800 (Pacific Standard Time): GET /projects
Sat Feb 09 2019 18:26:05 GMT-0800 (Pacific Standard Time): GET /projects
Sat Feb 09 2019 18:26:06 GMT-0800 (Pacific Standard Time): GET /projects
Sat Feb 09 2019 18:26:06 GMT-0800 (Pacific Standard Time): GET /projects
Sat Feb 09 2019 18:26:06 GMT-0800 (Pacific Standard Time): GET /projects
Sat Feb 09 2019 18:26:06 GMT-0800 (Pacific Standard Time): GET /about
Sat Feb 09 2019 18:26:07 GMT-0800 (Pacific Standard Time): GET /
Sat Feb 09 2019 18:26:07 GMT-0800 (Pacific Standard Time): GET /about
Sat Feb 09 2019 18:26:08 GMT-0800 (Pacific Standard Time): GET /projects
Sat Feb 09 2019 18:26:08 GMT-0800 (Pacific Standard Time): GET /about
Sat Feb 09 2019 18:26:08 GMT-0800 (Pacific Standard Time): GET /
Sat Feb 09 2019 18:26:09 GMT-0800 (Pacific Standard Time): GET /projects
Sat Feb 09 2019 18:26:10 GMT-0800 (Pacific Standard Time): GET /about
Sat Feb 09 2019 18:26:10 GMT-0800 (Pacific Standard Time): GET /
Sat Feb 09 2019 18:26:11 GMT-0800 (Pacific Standard Time): GET /projects
Sat Feb 09 2019 18:26:12 GMT-0800 (Pacific Standard Time): GET /about
Sat Feb 09 2019 18:26:12 GMT-0800 (Pacific Standard Time): GET /
